21:08:50 [INFO] Соло-турнир: 2 ботов × 20 сидов = 40 партий
21:08:50 [INFO] [1/40] current seed=1
21:08:50 [INFO] [2/40] current seed=2
21:08:50 [INFO] [3/40] current seed=3
21:08:50 [INFO] [4/40] current seed=4
21:08:50 [INFO] [5/40] current seed=5
21:08:50 [INFO] [6/40] current seed=6
21:08:50 [INFO] [7/40] current seed=7
21:08:50 [INFO] [8/40] current seed=8
21:08:50 [INFO] [9/40] current seed=9
21:08:50 [INFO] [10/40] current seed=10
21:08:50 [INFO] [11/40] current seed=11
21:08:50 [INFO] [12/40] current seed=12
21:08:50 [INFO] [13/40] current seed=13
21:08:50 [INFO] [14/40] current seed=14
21:08:50 [INFO] [15/40] current seed=15
21:08:50 [INFO] [16/40] current seed=16
21:08:50 [INFO] [17/40] current seed=17
21:08:50 [INFO] [18/40] current seed=18
21:08:50 [INFO] [19/40] current seed=19
21:08:51 [INFO] [20/40] current seed=20
21:08:51 [INFO] [21/40] v001 seed=1
21:08:51 [INFO] [22/40] v001 seed=2
21:08:51 [INFO] [23/40] v001 seed=3
21:08:51 [INFO] [24/40] v001 seed=4
21:08:51 [INFO] [25/40] v001 seed=5
21:08:51 [INFO] [26/40] v001 seed=6
21:08:51 [INFO] [27/40] v001 seed=7
21:08:51 [INFO] [28/40] v001 seed=8
21:08:51 [INFO] [29/40] v001 seed=9
21:08:51 [INFO] [30/40] v001 seed=10
21:08:51 [INFO] [31/40] v001 seed=11
21:08:51 [INFO] [32/40] v001 seed=12
21:08:51 [INFO] [33/40] v001 seed=13
21:08:51 [INFO] [34/40] v001 seed=14
21:08:51 [INFO] [35/40] v001 seed=15
21:08:51 [INFO] [36/40] v001 seed=16
21:08:51 [INFO] [37/40] v001 seed=17
21:08:51 [INFO] [38/40] v001 seed=18
21:08:51 [INFO] [39/40] v001 seed=19
21:08:51 [INFO] [40/40] v001 seed=20
21:08:51 [INFO] Результаты сохранены в /Users/dmitrygolub/projects/dats_sol/strategy/experiments/runs.csv
21:08:51 [INFO] Матрица сохранена в /Users/dmitrygolub/projects/dats_sol/strategy/experiments/tournament_matrix.csv

======================================================================
Бот                    Ср. очки      Мин     Макс  Пл.макс    Win%
----------------------------------------------------------------------
current                   68883    32135    91173     21.6   80.0%
v001                      65485    32371    82731     19.1   20.0%
======================================================================
